<?xml version="1.0" encoding="UTF-8"?>
<testsuite xmlns:xsi="http://www.w3.org/2001/XMLSchema-instance" xsi:noNamespaceSchemaLocation="https://maven.apache.org/surefire/maven-surefire-plugin/xsd/surefire-test-report.xsd" version="3.0.2" name="com.dkmo.living_chatting.LivingChattingApplicationTests" time="10.986" tests="1" errors="0" skipped="0" failures="0">
  <properties>
    <property name="java.specification.version" value="21"/>
    <property name="sun.jnu.encoding" value="UTF-8"/>
    <property name="java.class.path" value="/data/data/com.termux/files/home/Documents/living-chatting/target/test-classes:/data/data/com.termux/files/home/Documents/living-chatting/target/classes:/data/data/com.termux/files/home/.m2/repository/org/springframework/boot/spring-boot-starter-data-mongodb/3.5.6/spring-boot-starter-data-mongodb-3.5.6.jar:/data/data/com.termux/files/home/.m2/repository/org/springframework/boot/spring-boot-starter/3.5.6/spring-boot-starter-3.5.6.jar:/data/data/com.termux/files/home/.m2/repository/org/springframework/boot/spring-boot/3.5.6/spring-boot-3.5.6.jar:/data/data/com.termux/files/home/.m2/repository/org/springframework/boot/spring-boot-autoconfigure/3.5.6/spring-boot-autoconfigure-3.5.6.jar:/data/data/com.termux/files/home/.m2/repository/org/springframework/boot/spring-boot-starter-logging/3.5.6/spring-boot-starter-logging-3.5.6.jar:/data/data/com.termux/files/home/.m2/repository/ch/qos/logback/logback-classic/1.5.18/logback-classic-1.5.18.jar:/data/data/com.termux/files/home/.m2/repository/ch/qos/logback/logback-core/1.5.18/logback-core-1.5.18.jar:/data/data/com.termux/files/home/.m2/repository/org/apache/logging/log4j/log4j-to-slf4j/2.24.3/log4j-to-slf4j-2.24.3.jar:/data/data/com.termux/files/home/.m2/repository/org/apache/logging/log4j/log4j-api/2.24.3/log4j-api-2.24.3.jar:/data/data/com.termux/files/home/.m2/repository/org/slf4j/jul-to-slf4j/2.0.17/jul-to-slf4j-2.0.17.jar:/data/data/com.termux/files/home/.m2/repository/jakarta/annotation/jakarta.annotation-api/2.1.1/jakarta.annotation-api-2.1.1.jar:/data/data/com.termux/files/home/.m2/repository/org/yaml/snakeyaml/2.4/snakeyaml-2.4.jar:/data/data/com.termux/files/home/.m2/repository/org/mongodb/mongodb-driver-sync/5.5.1/mongodb-driver-sync-5.5.1.jar:/data/data/com.termux/files/home/.m2/repository/org/mongodb/bson/5.5.1/bson-5.5.1.jar:/data/data/com.termux/files/home/.m2/repository/org/mongodb/mongodb-driver-core/5.5.1/mongodb-driver-core-5.5.1.jar:/data/data/com.termux/files/home/.m2/repository/org/mongodb/bson-record-codec/5.5.1/bson-record-codec-5.5.1.jar:/data/data/com.termux/files/home/.m2/repository/org/springframework/data/spring-data-mongodb/4.5.4/spring-data-mongodb-4.5.4.jar:/data/data/com.termux/files/home/.m2/repository/org/springframework/spring-tx/6.2.11/spring-tx-6.2.11.jar:/data/data/com.termux/files/home/.m2/repository/org/springframework/spring-context/6.2.11/spring-context-6.2.11.jar:/data/data/com.termux/files/home/.m2/repository/org/springframework/spring-aop/6.2.11/spring-aop-6.2.11.jar:/data/data/com.termux/files/home/.m2/repository/io/micrometer/micrometer-observation/1.15.4/micrometer-observation-1.15.4.jar:/data/data/com.termux/files/home/.m2/repository/io/micrometer/micrometer-commons/1.15.4/micrometer-commons-1.15.4.jar:/data/data/com.termux/files/home/.m2/repository/org/springframework/spring-beans/6.2.11/spring-beans-6.2.11.jar:/data/data/com.termux/files/home/.m2/repository/org/springframework/spring-expression/6.2.11/spring-expression-6.2.11.jar:/data/data/com.termux/files/home/.m2/repository/org/springframework/data/spring-data-commons/3.5.4/spring-data-commons-3.5.4.jar:/data/data/com.termux/files/home/.m2/repository/org/slf4j/slf4j-api/2.0.17/slf4j-api-2.0.17.jar:/data/data/com.termux/files/home/.m2/repository/io/github/cdimascio/java-dotenv/5.2.2/java-dotenv-5.2.2.jar:/data/data/com.termux/files/home/.m2/repository/org/jetbrains/kotlin/kotlin-stdlib/1.9.25/kotlin-stdlib-1.9.25.jar:/data/data/com.termux/files/home/.m2/repository/org/jetbrains/annotations/13.0/annotations-13.0.jar:/data/data/com.termux/files/home/.m2/repository/org/springframework/boot/spring-boot-starter-test/3.5.6/spring-boot-starter-test-3.5.6.jar:/data/data/com.termux/files/home/.m2/repository/org/springframework/boot/spring-boot-test/3.5.6/spring-boot-test-3.5.6.jar:/data/data/com.termux/files/home/.m2/repository/org/springframework/boot/spring-boot-test-autoconfigure/3.5.6/spring-boot-test-autoconfigure-3.5.6.jar:/data/data/com.termux/files/home/.m2/repository/com/jayway/jsonpath/json-path/2.9.0/json-path-2.9.0.jar:/data/data/com.termux/files/home/.m2/repository/jakarta/xml/bind/jakarta.xml.bind-api/4.0.2/jakarta.xml.bind-api-4.0.2.jar:/data/data/com.termux/files/home/.m2/repository/jakarta/activation/jakarta.activation-api/2.1.4/jakarta.activation-api-2.1.4.jar:/data/data/com.termux/files/home/.m2/repository/net/minidev/json-smart/2.5.2/json-smart-2.5.2.jar:/data/data/com.termux/files/home/.m2/repository/net/minidev/accessors-smart/2.5.2/accessors-smart-2.5.2.jar:/data/data/com.termux/files/home/.m2/repository/org/ow2/asm/asm/9.7.1/asm-9.7.1.jar:/data/data/com.termux/files/home/.m2/repository/org/assertj/assertj-core/3.27.4/assertj-core-3.27.4.jar:/data/data/com.termux/files/home/.m2/repository/net/bytebuddy/byte-buddy/1.17.7/byte-buddy-1.17.7.jar:/data/data/com.termux/files/home/.m2/repository/org/awaitility/awaitility/4.2.2/awaitility-4.2.2.jar:/data/data/com.termux/files/home/.m2/repository/org/hamcrest/hamcrest/3.0/hamcrest-3.0.jar:/data/data/com.termux/files/home/.m2/repository/org/junit/jupiter/junit-jupiter/5.12.2/junit-jupiter-5.12.2.jar:/data/data/com.termux/files/home/.m2/repository/org/junit/jupiter/junit-jupiter-api/5.12.2/junit-jupiter-api-5.12.2.jar:/data/data/com.termux/files/home/.m2/repository/org/opentest4j/opentest4j/1.3.0/opentest4j-1.3.0.jar:/data/data/com.termux/files/home/.m2/repository/org/junit/platform/junit-platform-commons/1.12.2/junit-platform-commons-1.12.2.jar:/data/data/com.termux/files/home/.m2/repository/org/apiguardian/apiguardian-api/1.1.2/apiguardian-api-1.1.2.jar:/data/data/com.termux/files/home/.m2/repository/org/junit/jupiter/junit-jupiter-params/5.12.2/junit-jupiter-params-5.12.2.jar:/data/data/com.termux/files/home/.m2/repository/org/junit/jupiter/junit-jupiter-engine/5.12.2/junit-jupiter-engine-5.12.2.jar:/data/data/com.termux/files/home/.m2/repository/org/junit/platform/junit-platform-engine/1.12.2/junit-platform-engine-1.12.2.jar:/data/data/com.termux/files/home/.m2/repository/org/mockito/mockito-core/5.17.0/mockito-core-5.17.0.jar:/data/data/com.termux/files/home/.m2/repository/net/bytebuddy/byte-buddy-agent/1.17.7/byte-buddy-agent-1.17.7.jar:/data/data/com.termux/files/home/.m2/repository/org/objenesis/objenesis/3.3/objenesis-3.3.jar:/data/data/com.termux/files/home/.m2/repository/org/mockito/mockito-junit-jupiter/5.17.0/mockito-junit-jupiter-5.17.0.jar:/data/data/com.termux/files/home/.m2/repository/org/skyscreamer/jsonassert/1.5.3/jsonassert-1.5.3.jar:/data/data/com.termux/files/home/.m2/repository/com/vaadin/external/google/android-json/0.0.20131108.vaadin1/android-json-0.0.20131108.vaadin1.jar:/data/data/com.termux/files/home/.m2/repository/org/springframework/spring-core/6.2.11/spring-core-6.2.11.jar:/data/data/com.termux/files/home/.m2/repository/org/springframework/spring-jcl/6.2.11/spring-jcl-6.2.11.jar:/data/data/com.termux/files/home/.m2/repository/org/springframework/spring-test/6.2.11/spring-test-6.2.11.jar:/data/data/com.termux/files/home/.m2/repository/org/xmlunit/xmlunit-core/2.10.4/xmlunit-core-2.10.4.jar:/data/data/com.termux/files/home/.m2/repository/com/google/auth/google-auth-library-oauth2-http/1.23.0/google-auth-library-oauth2-http-1.23.0.jar:/data/data/com.termux/files/home/.m2/repository/com/google/auto/value/auto-value-annotations/1.10.4/auto-value-annotations-1.10.4.jar:/data/data/com.termux/files/home/.m2/repository/com/google/code/findbugs/jsr305/3.0.2/jsr305-3.0.2.jar:/data/data/com.termux/files/home/.m2/repository/com/google/auth/google-auth-library-credentials/1.23.0/google-auth-library-credentials-1.23.0.jar:/data/data/com.termux/files/home/.m2/repository/com/google/http-client/google-http-client/1.43.3/google-http-client-1.43.3.jar:/data/data/com.termux/files/home/.m2/repository/org/apache/httpcomponents/httpclient/4.5.14/httpclient-4.5.14.jar:/data/data/com.termux/files/home/.m2/repository/commons-logging/commons-logging/1.2/commons-logging-1.2.jar:/data/data/com.termux/files/home/.m2/repository/commons-codec/commons-codec/1.18.0/commons-codec-1.18.0.jar:/data/data/com.termux/files/home/.m2/repository/org/apache/httpcomponents/httpcore/4.4.16/httpcore-4.4.16.jar:/data/data/com.termux/files/home/.m2/repository/com/google/j2objc/j2objc-annotations/2.8/j2objc-annotations-2.8.jar:/data/data/com.termux/files/home/.m2/repository/io/opencensus/opencensus-api/0.31.1/opencensus-api-0.31.1.jar:/data/data/com.termux/files/home/.m2/repository/io/grpc/grpc-context/1.27.2/grpc-context-1.27.2.jar:/data/data/com.termux/files/home/.m2/repository/io/opencensus/opencensus-contrib-http-util/0.31.1/opencensus-contrib-http-util-0.31.1.jar:/data/data/com.termux/files/home/.m2/repository/com/google/http-client/google-http-client-gson/1.43.3/google-http-client-gson-1.43.3.jar:/data/data/com.termux/files/home/.m2/repository/com/google/code/gson/gson/2.13.2/gson-2.13.2.jar:/data/data/com.termux/files/home/.m2/repository/com/google/guava/guava/32.0.0-android/guava-32.0.0-android.jar:/data/data/com.termux/files/home/.m2/repository/com/google/guava/failureaccess/1.0.1/failureaccess-1.0.1.jar:/data/data/com.termux/files/home/.m2/repository/com/google/guava/listenablefuture/9999.0-empty-to-avoid-conflict-with-guava/listenablefuture-9999.0-empty-to-avoid-conflict-with-guava.jar:/data/data/com.termux/files/home/.m2/repository/org/checkerframework/checker-qual/3.33.0/checker-qual-3.33.0.jar:/data/data/com.termux/files/home/.m2/repository/com/google/errorprone/error_prone_annotations/2.18.0/error_prone_annotations-2.18.0.jar:/data/data/com.termux/files/home/.m2/repository/org/springframework/boot/spring-boot-starter-websocket/3.5.6/spring-boot-starter-websocket-3.5.6.jar:/data/data/com.termux/files/home/.m2/repository/org/springframework/boot/spring-boot-starter-web/3.5.6/spring-boot-starter-web-3.5.6.jar:/data/data/com.termux/files/home/.m2/repository/org/springframework/boot/spring-boot-starter-json/3.5.6/spring-boot-starter-json-3.5.6.jar:/data/data/com.termux/files/home/.m2/repository/com/fasterxml/jackson/core/jackson-databind/2.19.2/jackson-databind-2.19.2.jar:/data/data/com.termux/files/home/.m2/repository/com/fasterxml/jackson/core/jackson-annotations/2.19.2/jackson-annotations-2.19.2.jar:/data/data/com.termux/files/home/.m2/repository/com/fasterxml/jackson/core/jackson-core/2.19.2/jackson-core-2.19.2.jar:/data/data/com.termux/files/home/.m2/repository/com/fasterxml/jackson/datatype/jackson-datatype-jdk8/2.19.2/jackson-datatype-jdk8-2.19.2.jar:/data/data/com.termux/files/home/.m2/repository/com/fasterxml/jackson/datatype/jackson-datatype-jsr310/2.19.2/jackson-datatype-jsr310-2.19.2.jar:/data/data/com.termux/files/home/.m2/repository/com/fasterxml/jackson/module/jackson-module-parameter-names/2.19.2/jackson-module-parameter-names-2.19.2.jar:/data/data/com.termux/files/home/.m2/repository/org/springframework/boot/spring-boot-starter-tomcat/3.5.6/spring-boot-starter-tomcat-3.5.6.jar:/data/data/com.termux/files/home/.m2/repository/org/apache/tomcat/embed/tomcat-embed-core/10.1.46/tomcat-embed-core-10.1.46.jar:/data/data/com.termux/files/home/.m2/repository/org/apache/tomcat/embed/tomcat-embed-el/10.1.46/tomcat-embed-el-10.1.46.jar:/data/data/com.termux/files/home/.m2/repository/org/apache/tomcat/embed/tomcat-embed-websocket/10.1.46/tomcat-embed-websocket-10.1.46.jar:/data/data/com.termux/files/home/.m2/repository/org/springframework/spring-web/6.2.11/spring-web-6.2.11.jar:/data/data/com.termux/files/home/.m2/repository/org/springframework/spring-webmvc/6.2.11/spring-webmvc-6.2.11.jar:/data/data/com.termux/files/home/.m2/repository/org/springframework/spring-messaging/6.2.11/spring-messaging-6.2.11.jar:/data/data/com.termux/files/home/.m2/repository/org/springframework/spring-websocket/6.2.11/spring-websocket-6.2.11.jar:"/>
    <property name="java.vm.vendor" value="Termux"/>
    <property name="sun.arch.data.model" value="64"/>
    <property name="java.vendor.url" value="https://openjdk.org/"/>
    <property name="user.timezone" value="GMT"/>
    <property name="os.name" value="Linux"/>
    <property name="java.vm.specification.version" value="21"/>
    <property name="APPLICATION_NAME" value="living-chatting"/>
    <property name="sun.java.launcher" value="SUN_STANDARD"/>
    <property name="sun.boot.library.path" value="/data/data/com.termux/files/usr/lib/jvm/java-21-openjdk/lib"/>
    <property name="sun.java.command" value="/data/data/com.termux/files/home/Documents/living-chatting/target/surefire/surefirebooter-20251019122201545_3.jar /data/data/com.termux/files/home/Documents/living-chatting/target/surefire 2025-10-19T12-22-01_254-jvmRun1 surefire-20251019122201545_1tmp surefire_0-20251019122201545_2tmp"/>
    <property name="jdk.debug" value="release"/>
    <property name="surefire.test.class.path" value="/data/data/com.termux/files/home/Documents/living-chatting/target/test-classes:/data/data/com.termux/files/home/Documents/living-chatting/target/classes:/data/data/com.termux/files/home/.m2/repository/org/springframework/boot/spring-boot-starter-data-mongodb/3.5.6/spring-boot-starter-data-mongodb-3.5.6.jar:/data/data/com.termux/files/home/.m2/repository/org/springframework/boot/spring-boot-starter/3.5.6/spring-boot-starter-3.5.6.jar:/data/data/com.termux/files/home/.m2/repository/org/springframework/boot/spring-boot/3.5.6/spring-boot-3.5.6.jar:/data/data/com.termux/files/home/.m2/repository/org/springframework/boot/spring-boot-autoconfigure/3.5.6/spring-boot-autoconfigure-3.5.6.jar:/data/data/com.termux/files/home/.m2/repository/org/springframework/boot/spring-boot-starter-logging/3.5.6/spring-boot-starter-logging-3.5.6.jar:/data/data/com.termux/files/home/.m2/repository/ch/qos/logback/logback-classic/1.5.18/logback-classic-1.5.18.jar:/data/data/com.termux/files/home/.m2/repository/ch/qos/logback/logback-core/1.5.18/logback-core-1.5.18.jar:/data/data/com.termux/files/home/.m2/repository/org/apache/logging/log4j/log4j-to-slf4j/2.24.3/log4j-to-slf4j-2.24.3.jar:/data/data/com.termux/files/home/.m2/repository/org/apache/logging/log4j/log4j-api/2.24.3/log4j-api-2.24.3.jar:/data/data/com.termux/files/home/.m2/repository/org/slf4j/jul-to-slf4j/2.0.17/jul-to-slf4j-2.0.17.jar:/data/data/com.termux/files/home/.m2/repository/jakarta/annotation/jakarta.annotation-api/2.1.1/jakarta.annotation-api-2.1.1.jar:/data/data/com.termux/files/home/.m2/repository/org/yaml/snakeyaml/2.4/snakeyaml-2.4.jar:/data/data/com.termux/files/home/.m2/repository/org/mongodb/mongodb-driver-sync/5.5.1/mongodb-driver-sync-5.5.1.jar:/data/data/com.termux/files/home/.m2/repository/org/mongodb/bson/5.5.1/bson-5.5.1.jar:/data/data/com.termux/files/home/.m2/repository/org/mongodb/mongodb-driver-core/5.5.1/mongodb-driver-core-5.5.1.jar:/data/data/com.termux/files/home/.m2/repository/org/mongodb/bson-record-codec/5.5.1/bson-record-codec-5.5.1.jar:/data/data/com.termux/files/home/.m2/repository/org/springframework/data/spring-data-mongodb/4.5.4/spring-data-mongodb-4.5.4.jar:/data/data/com.termux/files/home/.m2/repository/org/springframework/spring-tx/6.2.11/spring-tx-6.2.11.jar:/data/data/com.termux/files/home/.m2/repository/org/springframework/spring-context/6.2.11/spring-context-6.2.11.jar:/data/data/com.termux/files/home/.m2/repository/org/springframework/spring-aop/6.2.11/spring-aop-6.2.11.jar:/data/data/com.termux/files/home/.m2/repository/io/micrometer/micrometer-observation/1.15.4/micrometer-observation-1.15.4.jar:/data/data/com.termux/files/home/.m2/repository/io/micrometer/micrometer-commons/1.15.4/micrometer-commons-1.15.4.jar:/data/data/com.termux/files/home/.m2/repository/org/springframework/spring-beans/6.2.11/spring-beans-6.2.11.jar:/data/data/com.termux/files/home/.m2/repository/org/springframework/spring-expression/6.2.11/spring-expression-6.2.11.jar:/data/data/com.termux/files/home/.m2/repository/org/springframework/data/spring-data-commons/3.5.4/spring-data-commons-3.5.4.jar:/data/data/com.termux/files/home/.m2/repository/org/slf4j/slf4j-api/2.0.17/slf4j-api-2.0.17.jar:/data/data/com.termux/files/home/.m2/repository/io/github/cdimascio/java-dotenv/5.2.2/java-dotenv-5.2.2.jar:/data/data/com.termux/files/home/.m2/repository/org/jetbrains/kotlin/kotlin-stdlib/1.9.25/kotlin-stdlib-1.9.25.jar:/data/data/com.termux/files/home/.m2/repository/org/jetbrains/annotations/13.0/annotations-13.0.jar:/data/data/com.termux/files/home/.m2/repository/org/springframework/boot/spring-boot-starter-test/3.5.6/spring-boot-starter-test-3.5.6.jar:/data/data/com.termux/files/home/.m2/repository/org/springframework/boot/spring-boot-test/3.5.6/spring-boot-test-3.5.6.jar:/data/data/com.termux/files/home/.m2/repository/org/springframework/boot/spring-boot-test-autoconfigure/3.5.6/spring-boot-test-autoconfigure-3.5.6.jar:/data/data/com.termux/files/home/.m2/repository/com/jayway/jsonpath/json-path/2.9.0/json-path-2.9.0.jar:/data/data/com.termux/files/home/.m2/repository/jakarta/xml/bind/jakarta.xml.bind-api/4.0.2/jakarta.xml.bind-api-4.0.2.jar:/data/data/com.termux/files/home/.m2/repository/jakarta/activation/jakarta.activation-api/2.1.4/jakarta.activation-api-2.1.4.jar:/data/data/com.termux/files/home/.m2/repository/net/minidev/json-smart/2.5.2/json-smart-2.5.2.jar:/data/data/com.termux/files/home/.m2/repository/net/minidev/accessors-smart/2.5.2/accessors-smart-2.5.2.jar:/data/data/com.termux/files/home/.m2/repository/org/ow2/asm/asm/9.7.1/asm-9.7.1.jar:/data/data/com.termux/files/home/.m2/repository/org/assertj/assertj-core/3.27.4/assertj-core-3.27.4.jar:/data/data/com.termux/files/home/.m2/repository/net/bytebuddy/byte-buddy/1.17.7/byte-buddy-1.17.7.jar:/data/data/com.termux/files/home/.m2/repository/org/awaitility/awaitility/4.2.2/awaitility-4.2.2.jar:/data/data/com.termux/files/home/.m2/repository/org/hamcrest/hamcrest/3.0/hamcrest-3.0.jar:/data/data/com.termux/files/home/.m2/repository/org/junit/jupiter/junit-jupiter/5.12.2/junit-jupiter-5.12.2.jar:/data/data/com.termux/files/home/.m2/repository/org/junit/jupiter/junit-jupiter-api/5.12.2/junit-jupiter-api-5.12.2.jar:/data/data/com.termux/files/home/.m2/repository/org/opentest4j/opentest4j/1.3.0/opentest4j-1.3.0.jar:/data/data/com.termux/files/home/.m2/repository/org/junit/platform/junit-platform-commons/1.12.2/junit-platform-commons-1.12.2.jar:/data/data/com.termux/files/home/.m2/repository/org/apiguardian/apiguardian-api/1.1.2/apiguardian-api-1.1.2.jar:/data/data/com.termux/files/home/.m2/repository/org/junit/jupiter/junit-jupiter-params/5.12.2/junit-jupiter-params-5.12.2.jar:/data/data/com.termux/files/home/.m2/repository/org/junit/jupiter/junit-jupiter-engine/5.12.2/junit-jupiter-engine-5.12.2.jar:/data/data/com.termux/files/home/.m2/repository/org/junit/platform/junit-platform-engine/1.12.2/junit-platform-engine-1.12.2.jar:/data/data/com.termux/files/home/.m2/repository/org/mockito/mockito-core/5.17.0/mockito-core-5.17.0.jar:/data/data/com.termux/files/home/.m2/repository/net/bytebuddy/byte-buddy-agent/1.17.7/byte-buddy-agent-1.17.7.jar:/data/data/com.termux/files/home/.m2/repository/org/objenesis/objenesis/3.3/objenesis-3.3.jar:/data/data/com.termux/files/home/.m2/repository/org/mockito/mockito-junit-jupiter/5.17.0/mockito-junit-jupiter-5.17.0.jar:/data/data/com.termux/files/home/.m2/repository/org/skyscreamer/jsonassert/1.5.3/jsonassert-1.5.3.jar:/data/data/com.termux/files/home/.m2/repository/com/vaadin/external/google/android-json/0.0.20131108.vaadin1/android-json-0.0.20131108.vaadin1.jar:/data/data/com.termux/files/home/.m2/repository/org/springframework/spring-core/6.2.11/spring-core-6.2.11.jar:/data/data/com.termux/files/home/.m2/repository/org/springframework/spring-jcl/6.2.11/spring-jcl-6.2.11.jar:/data/data/com.termux/files/home/.m2/repository/org/springframework/spring-test/6.2.11/spring-test-6.2.11.jar:/data/data/com.termux/files/home/.m2/repository/org/xmlunit/xmlunit-core/2.10.4/xmlunit-core-2.10.4.jar:/data/data/com.termux/files/home/.m2/repository/com/google/auth/google-auth-library-oauth2-http/1.23.0/google-auth-library-oauth2-http-1.23.0.jar:/data/data/com.termux/files/home/.m2/repository/com/google/auto/value/auto-value-annotations/1.10.4/auto-value-annotations-1.10.4.jar:/data/data/com.termux/files/home/.m2/repository/com/google/code/findbugs/jsr305/3.0.2/jsr305-3.0.2.jar:/data/data/com.termux/files/home/.m2/repository/com/google/auth/google-auth-library-credentials/1.23.0/google-auth-library-credentials-1.23.0.jar:/data/data/com.termux/files/home/.m2/repository/com/google/http-client/google-http-client/1.43.3/google-http-client-1.43.3.jar:/data/data/com.termux/files/home/.m2/repository/org/apache/httpcomponents/httpclient/4.5.14/httpclient-4.5.14.jar:/data/data/com.termux/files/home/.m2/repository/commons-logging/commons-logging/1.2/commons-logging-1.2.jar:/data/data/com.termux/files/home/.m2/repository/commons-codec/commons-codec/1.18.0/commons-codec-1.18.0.jar:/data/data/com.termux/files/home/.m2/repository/org/apache/httpcomponents/httpcore/4.4.16/httpcore-4.4.16.jar:/data/data/com.termux/files/home/.m2/repository/com/google/j2objc/j2objc-annotations/2.8/j2objc-annotations-2.8.jar:/data/data/com.termux/files/home/.m2/repository/io/opencensus/opencensus-api/0.31.1/opencensus-api-0.31.1.jar:/data/data/com.termux/files/home/.m2/repository/io/grpc/grpc-context/1.27.2/grpc-context-1.27.2.jar:/data/data/com.termux/files/home/.m2/repository/io/opencensus/opencensus-contrib-http-util/0.31.1/opencensus-contrib-http-util-0.31.1.jar:/data/data/com.termux/files/home/.m2/repository/com/google/http-client/google-http-client-gson/1.43.3/google-http-client-gson-1.43.3.jar:/data/data/com.termux/files/home/.m2/repository/com/google/code/gson/gson/2.13.2/gson-2.13.2.jar:/data/data/com.termux/files/home/.m2/repository/com/google/guava/guava/32.0.0-android/guava-32.0.0-android.jar:/data/data/com.termux/files/home/.m2/repository/com/google/guava/failureaccess/1.0.1/failureaccess-1.0.1.jar:/data/data/com.termux/files/home/.m2/repository/com/google/guava/listenablefuture/9999.0-empty-to-avoid-conflict-with-guava/listenablefuture-9999.0-empty-to-avoid-conflict-with-guava.jar:/data/data/com.termux/files/home/.m2/repository/org/checkerframework/checker-qual/3.33.0/checker-qual-3.33.0.jar:/data/data/com.termux/files/home/.m2/repository/com/google/errorprone/error_prone_annotations/2.18.0/error_prone_annotations-2.18.0.jar:/data/data/com.termux/files/home/.m2/repository/org/springframework/boot/spring-boot-starter-websocket/3.5.6/spring-boot-starter-websocket-3.5.6.jar:/data/data/com.termux/files/home/.m2/repository/org/springframework/boot/spring-boot-starter-web/3.5.6/spring-boot-starter-web-3.5.6.jar:/data/data/com.termux/files/home/.m2/repository/org/springframework/boot/spring-boot-starter-json/3.5.6/spring-boot-starter-json-3.5.6.jar:/data/data/com.termux/files/home/.m2/repository/com/fasterxml/jackson/core/jackson-databind/2.19.2/jackson-databind-2.19.2.jar:/data/data/com.termux/files/home/.m2/repository/com/fasterxml/jackson/core/jackson-annotations/2.19.2/jackson-annotations-2.19.2.jar:/data/data/com.termux/files/home/.m2/repository/com/fasterxml/jackson/core/jackson-core/2.19.2/jackson-core-2.19.2.jar:/data/data/com.termux/files/home/.m2/repository/com/fasterxml/jackson/datatype/jackson-datatype-jdk8/2.19.2/jackson-datatype-jdk8-2.19.2.jar:/data/data/com.termux/files/home/.m2/repository/com/fasterxml/jackson/datatype/jackson-datatype-jsr310/2.19.2/jackson-datatype-jsr310-2.19.2.jar:/data/data/com.termux/files/home/.m2/repository/com/fasterxml/jackson/module/jackson-module-parameter-names/2.19.2/jackson-module-parameter-names-2.19.2.jar:/data/data/com.termux/files/home/.m2/repository/org/springframework/boot/spring-boot-starter-tomcat/3.5.6/spring-boot-starter-tomcat-3.5.6.jar:/data/data/com.termux/files/home/.m2/repository/org/apache/tomcat/embed/tomcat-embed-core/10.1.46/tomcat-embed-core-10.1.46.jar:/data/data/com.termux/files/home/.m2/repository/org/apache/tomcat/embed/tomcat-embed-el/10.1.46/tomcat-embed-el-10.1.46.jar:/data/data/com.termux/files/home/.m2/repository/org/apache/tomcat/embed/tomcat-embed-websocket/10.1.46/tomcat-embed-websocket-10.1.46.jar:/data/data/com.termux/files/home/.m2/repository/org/springframework/spring-web/6.2.11/spring-web-6.2.11.jar:/data/data/com.termux/files/home/.m2/repository/org/springframework/spring-webmvc/6.2.11/spring-webmvc-6.2.11.jar:/data/data/com.termux/files/home/.m2/repository/org/springframework/spring-messaging/6.2.11/spring-messaging-6.2.11.jar:/data/data/com.termux/files/home/.m2/repository/org/springframework/spring-websocket/6.2.11/spring-websocket-6.2.11.jar:"/>
    <property name="sun.cpu.endian" value="little"/>
    <property name="user.home" value="/data/data/com.termux/files/home"/>
    <property name="user.language" value="en"/>
    <property name="java.specification.vendor" value="Oracle Corporation"/>
    <property name="java.version.date" value="2025-07-15"/>
    <property name="java.home" value="/data/data/com.termux/files/usr/lib/jvm/java-21-openjdk"/>
    <property name="file.separator" value="/"/>
    <property name="basedir" value="/data/data/com.termux/files/home/Documents/living-chatting"/>
    <property name="java.vm.compressedOopsMode" value="32-bit"/>
    <property name="line.separator" value="&#10;"/>
    <property name="java.specification.name" value="Java Platform API Specification"/>
    <property name="java.vm.specification.vendor" value="Oracle Corporation"/>
    <property name="FILE_LOG_CHARSET" value="UTF-8"/>
    <property name="java.awt.headless" value="true"/>
    <property name="surefire.real.class.path" value="/data/data/com.termux/files/home/Documents/living-chatting/target/surefire/surefirebooter-20251019122201545_3.jar"/>
    <property name="sun.management.compiler" value="HotSpot 64-Bit Tiered Compilers"/>
    <property name="java.runtime.version" value="21.0.8"/>
    <property name="user.name" value="u0_a399"/>
    <property name="stdout.encoding" value="UTF-8"/>
    <property name="path.separator" value=":"/>
    <property name="os.version" value="5.10.226-android12-9-31117096"/>
    <property name="java.runtime.name" value="OpenJDK Runtime Environment"/>
    <property name="file.encoding" value="UTF-8"/>
    <property name="java.vm.name" value="OpenJDK 64-Bit Server VM"/>
    <property name="localRepository" value="/data/data/com.termux/files/home/.m2/repository"/>
    <property name="java.vendor.url.bug" value="https://bugreport.java.com/bugreport/"/>
    <property name="java.io.tmpdir" value="/data/data/com.termux/files/usr/tmp/"/>
    <property name="java.version" value="21.0.8"/>
    <property name="user.dir" value="/data/data/com.termux/files/home/Documents/living-chatting"/>
    <property name="os.arch" value="aarch64"/>
    <property name="java.vm.specification.name" value="Java Virtual Machine Specification"/>
    <property name="PID" value="4943"/>
    <property name="CONSOLE_LOG_CHARSET" value="UTF-8"/>
    <property name="native.encoding" value="UTF-8"/>
    <property name="java.library.path" value="/usr/java/packages/lib:/usr/lib64:/lib64:/lib:/usr/lib"/>
    <property name="stderr.encoding" value="UTF-8"/>
    <property name="java.vm.info" value="mixed mode"/>
    <property name="java.vendor" value="Termux"/>
    <property name="java.vm.version" value="21.0.8"/>
    <property name="sun.io.unicode.encoding" value="UnicodeLittle"/>
    <property name="java.class.version" value="65.0"/>
    <property name="LOGGED_APPLICATION_NAME" value="[living-chatting] "/>
  </properties>
  <testcase name="contextLoads" classname="com.dkmo.living_chatting.LivingChattingApplicationTests" time="1.851">
    <system-out><![CDATA[12:22:03.656 [main] INFO org.springframework.test.context.support.AnnotationConfigContextLoaderUtils -- Could not detect default configuration classes for test class [com.dkmo.living_chatting.LivingChattingApplicationTests]: LivingChattingApplicationTests does not declare any static, non-private, non-final, nested classes annotated with @Configuration.
12:22:04.079 [main] INFO org.springframework.boot.test.context.SpringBootTestContextBootstrapper -- Found @SpringBootConfiguration com.dkmo.living_chatting.LivingChattingApplication for test class com.dkmo.living_chatting.LivingChattingApplicationTests

  .   ____          _            __ _ _
 /\\ / ___'_ __ _ _(_)_ __  __ _ \ \ \ \
( ( )\___ | '_ | '_| | '_ \/ _` | \ \ \ \
 \\/  ___)| |_)| | | | | || (_| |  ) ) ) )
  '  |____| .__|_| |_|_| |_\__, | / / / /
 =========|_|==============|___/=/_/_/_/

 :: Spring Boot ::                (v3.5.6)

2025-10-19T12:22:05.467Z  INFO 4943 --- [living-chatting] [           main] c.d.l.LivingChattingApplicationTests     : Starting LivingChattingApplicationTests using Java 21.0.8 with PID 4943 (started by u0_a399 in /data/data/com.termux/files/home/Documents/living-chatting)
2025-10-19T12:22:05.471Z  INFO 4943 --- [living-chatting] [           main] c.d.l.LivingChattingApplicationTests     : No active profile set, falling back to 1 default profile: "default"
2025-10-19T12:22:07.390Z  INFO 4943 --- [living-chatting] [           main] .s.d.r.c.RepositoryConfigurationDelegate : Bootstrapping Spring Data MongoDB repositories in DEFAULT mode.
2025-10-19T12:22:07.538Z  INFO 4943 --- [living-chatting] [           main] .s.d.r.c.RepositoryConfigurationDelegate : Finished Spring Data repository scanning in 130 ms. Found 2 MongoDB repository interfaces.
2025-10-19T12:22:08.940Z  INFO 4943 --- [living-chatting] [           main] org.mongodb.driver.client                : MongoClient with metadata {"driver": {"name": "mongo-java-driver|sync|spring-boot", "version": "5.5.1"}, "os": {"type": "Linux", "name": "Linux", "architecture": "aarch64", "version": "5.10.226-android12-9-31117096"}, "platform": "Java/Termux/21.0.8"} created with settings MongoClientSettings{readPreference=primary, writeConcern=WriteConcern{w=majority, wTimeout=null ms, journal=null}, retryWrites=true, retryReads=true, readConcern=ReadConcern{level=null}, credential=MongoCredential{mechanism=null, userName='danilokelvemeireles45_db_user', source='admin', password=<hidden>, mechanismProperties=<hidden>}, transportSettings=null, commandListeners=[], codecRegistry=ProvidersCodecRegistry{codecProviders=[ValueCodecProvider{}, BsonValueCodecProvider{}, DBRefCodecProvider{}, DBObjectCodecProvider{}, DocumentCodecProvider{}, CollectionCodecProvider{}, IterableCodecProvider{}, MapCodecProvider{}, GeoJsonCodecProvider{}, GridFSFileCodecProvider{}, Jsr310CodecProvider{}, JsonObjectCodecProvider{}, BsonCodecProvider{}, EnumCodecProvider{}, com.mongodb.client.model.mql.ExpressionCodecProvider@27a6fef2, com.mongodb.Jep395RecordCodecProvider@7fe8c7db, com.mongodb.KotlinCodecProvider@2dba05b1]}, loggerSettings=LoggerSettings{maxDocumentLength=1000}, clusterSettings={hosts=[127.0.0.1:27017], srvHost=cluster0.excnspj.mongodb.net, srvServiceName=mongodb, mode=MULTIPLE, requiredClusterType=REPLICA_SET, requiredReplicaSetName='atlas-wnlseb-shard-0', serverSelector='null', clusterListeners='[]', serverSelectionTimeout='30000 ms', localThreshold='15 ms'}, socketSettings=SocketSettings{connectTimeoutMS=10000, readTimeoutMS=0, receiveBufferSize=0, proxySettings=ProxySettings{host=null, port=null, username=null, password=null}}, heartbeatSocketSettings=SocketSettings{connectTimeoutMS=10000, readTimeoutMS=10000, receiveBufferSize=0, proxySettings=ProxySettings{host=null, port=null, username=null, password=null}}, connectionPoolSettings=ConnectionPoolSettings{maxSize=100, minSize=0, maxWaitTimeMS=120000, maxConnectionLifeTimeMS=0, maxConnectionIdleTimeMS=0, maintenanceInitialDelayMS=0, maintenanceFrequencyMS=60000, connectionPoolListeners=[], maxConnecting=2}, serverSettings=ServerSettings{heartbeatFrequencyMS=10000, minHeartbeatFrequencyMS=500, serverMonitoringMode=AUTO, serverListeners='[]', serverMonitorListeners='[]'}, sslSettings=SslSettings{enabled=true, invalidHostNameAllowed=false, context=null}, applicationName='null', compressorList=[], uuidRepresentation=JAVA_LEGACY, serverApi=null, autoEncryptionSettings=null, dnsClient=null, inetAddressResolver=null, contextProvider=null, timeoutMS=null}
2025-10-19T12:22:09.008Z  INFO 4943 --- [living-chatting] [spj.mongodb.net] org.mongodb.driver.cluster               : Adding discovered server ac-140jzuw-shard-00-02.excnspj.mongodb.net:27017 to client view of cluster
2025-10-19T12:22:09.080Z  INFO 4943 --- [living-chatting] [spj.mongodb.net] org.mongodb.driver.cluster               : Adding discovered server ac-140jzuw-shard-00-00.excnspj.mongodb.net:27017 to client view of cluster
2025-10-19T12:22:09.088Z  INFO 4943 --- [living-chatting] [spj.mongodb.net] org.mongodb.driver.cluster               : Adding discovered server ac-140jzuw-shard-00-01.excnspj.mongodb.net:27017 to client view of cluster
2025-10-19T12:22:10.899Z  INFO 4943 --- [living-chatting] [ngodb.net:27017] org.mongodb.driver.cluster               : Monitor thread successfully connected to server with description ServerDescription{address=ac-140jzuw-shard-00-01.excnspj.mongodb.net:27017, type=REPLICA_SET_PRIMARY, cryptd=false, state=CONNECTED, ok=true, minWireVersion=0, maxWireVersion=25, maxDocumentSize=16777216, logicalSessionTimeoutMinutes=30, roundTripTimeNanos=772157461, minRoundTripTimeNanos=0, setName='atlas-wnlseb-shard-0', canonicalAddress=ac-140jzuw-shard-00-01.excnspj.mongodb.net:27017, hosts=[ac-140jzuw-shard-00-00.excnspj.mongodb.net:27017, ac-140jzuw-shard-00-01.excnspj.mongodb.net:27017, ac-140jzuw-shard-00-02.excnspj.mongodb.net:27017], passives=[], arbiters=[], primary='ac-140jzuw-shard-00-01.excnspj.mongodb.net:27017', tagSet=TagSet{[Tag{name='availabilityZone', value='sae1-az3'}, Tag{name='diskState', value='READY'}, Tag{name='nodeType', value='ELECTABLE'}, Tag{name='provider', value='AWS'}, Tag{name='region', value='SA_EAST_1'}, Tag{name='workloadType', value='OPERATIONAL'}]}, electionId=7fffffff000000000000012f, setVersion=126, topologyVersion=TopologyVersion{processId=68e6a75b83583a9a7774ca13, counter=6}, lastWriteDate=Sun Oct 19 12:22:09 GMT 2025, lastUpdateTimeNanos=249733083567884}
2025-10-19T12:22:10.899Z  INFO 4943 --- [living-chatting] [ngodb.net:27017] org.mongodb.driver.cluster               : Monitor thread successfully connected to server with description ServerDescription{address=ac-140jzuw-shard-00-02.excnspj.mongodb.net:27017, type=REPLICA_SET_SECONDARY, cryptd=false, state=CONNECTED, ok=true, minWireVersion=0, maxWireVersion=25, maxDocumentSize=16777216, logicalSessionTimeoutMinutes=30, roundTripTimeNanos=772157846, minRoundTripTimeNanos=0, setName='atlas-wnlseb-shard-0', canonicalAddress=ac-140jzuw-shard-00-02.excnspj.mongodb.net:27017, hosts=[ac-140jzuw-shard-00-00.excnspj.mongodb.net:27017, ac-140jzuw-shard-00-01.excnspj.mongodb.net:27017, ac-140jzuw-shard-00-02.excnspj.mongodb.net:27017], passives=[], arbiters=[], primary='ac-140jzuw-shard-00-01.excnspj.mongodb.net:27017', tagSet=TagSet{[Tag{name='availabilityZone', value='sae1-az2'}, Tag{name='diskState', value='READY'}, Tag{name='nodeType', value='ELECTABLE'}, Tag{name='provider', value='AWS'}, Tag{name='region', value='SA_EAST_1'}, Tag{name='workloadType', value='OPERATIONAL'}]}, electionId=null, setVersion=126, topologyVersion=TopologyVersion{processId=68e6a79361eb9d0ad87cdc11, counter=3}, lastWriteDate=Sun Oct 19 12:22:09 GMT 2025, lastUpdateTimeNanos=249733083567884}
2025-10-19T12:22:10.904Z  INFO 4943 --- [living-chatting] [ngodb.net:27017] org.mongodb.driver.cluster               : Monitor thread successfully connected to server with description ServerDescription{address=ac-140jzuw-shard-00-00.excnspj.mongodb.net:27017, type=REPLICA_SET_SECONDARY, cryptd=false, state=CONNECTED, ok=true, minWireVersion=0, maxWireVersion=25, maxDocumentSize=16777216, logicalSessionTimeoutMinutes=30, roundTripTimeNanos=772157539, minRoundTripTimeNanos=0, setName='atlas-wnlseb-shard-0', canonicalAddress=ac-140jzuw-shard-00-00.excnspj.mongodb.net:27017, hosts=[ac-140jzuw-shard-00-00.excnspj.mongodb.net:27017, ac-140jzuw-shard-00-01.excnspj.mongodb.net:27017, ac-140jzuw-shard-00-02.excnspj.mongodb.net:27017], passives=[], arbiters=[], primary='ac-140jzuw-shard-00-01.excnspj.mongodb.net:27017', tagSet=TagSet{[Tag{name='availabilityZone', value='sae1-az1'}, Tag{name='diskState', value='READY'}, Tag{name='nodeType', value='ELECTABLE'}, Tag{name='provider', value='AWS'}, Tag{name='region', value='SA_EAST_1'}, Tag{name='workloadType', value='OPERATIONAL'}]}, electionId=null, setVersion=126, topologyVersion=TopologyVersion{processId=68e6a7225cdc1d344c7c3024, counter=4}, lastWriteDate=Sun Oct 19 12:22:09 GMT 2025, lastUpdateTimeNanos=249733083575577}
2025-10-19T12:22:10.913Z  INFO 4943 --- [living-chatting] [ngodb.net:27017] org.mongodb.driver.cluster               : Discovered replica set primary ac-140jzuw-shard-00-01.excnspj.mongodb.net:27017 with max election id 7fffffff000000000000012f and max set version 126
2025-10-19T12:22:11.329Z  INFO 4943 --- [living-chatting] [           main] o.s.b.a.w.s.WelcomePageHandlerMapping    : Adding welcome page: class path resource [static/index.html]
2025-10-19T12:22:12.270Z  INFO 4943 --- [living-chatting] [           main] o.s.m.s.b.SimpleBrokerMessageHandler     : Starting...
2025-10-19T12:22:12.275Z  INFO 4943 --- [living-chatting] [           main] o.s.m.s.b.SimpleBrokerMessageHandler     : BrokerAvailabilityEvent[available=true, SimpleBrokerMessageHandler [org.springframework.messaging.simp.broker.DefaultSubscriptionRegistry@5e6522a6]]
2025-10-19T12:22:12.276Z  INFO 4943 --- [living-chatting] [           main] o.s.m.s.b.SimpleBrokerMessageHandler     : Started.
2025-10-19T12:22:12.293Z  INFO 4943 --- [living-chatting] [           main] c.d.l.LivingChattingApplicationTests     : Started LivingChattingApplicationTests in 7.646 seconds (process running for 10.566)
]]></system-out>
    <system-err><![CDATA[Mockito is currently self-attaching to enable the inline-mock-maker. This will no longer work in future releases of the JDK. Please add Mockito as an agent to your build as described in Mockito's documentation: https://javadoc.io/doc/org.mockito/mockito-core/latest/org.mockito/org/mockito/Mockito.html#0.3
WARNING: A Java agent has been loaded dynamically (/data/data/com.termux/files/home/.m2/repository/net/bytebuddy/byte-buddy-agent/1.17.7/byte-buddy-agent-1.17.7.jar)
WARNING: If a serviceability tool is in use, please run with -XX:+EnableDynamicAgentLoading to hide this warning
WARNING: If a serviceability tool is not in use, please run with -Djdk.instrument.traceUsage for more information
WARNING: Dynamic loading of agents will be disallowed by default in a future release
]]></system-err>
  </testcase>
</testsuite>